d:\code\gamelibrary\build\gamelib\gamelib\debug\vc140.pdb
d:\code\gamelibrary\build\gamelib\gamelib\debug\vc140.idb
d:\code\gamelibrary\build\gamelib\gamelib\debug\ccanvas.obj
d:\code\gamelibrary\build\gamelib\gamelib\debug\ccollision.obj
d:\code\gamelibrary\build\gamelib\gamelib\debug\cgrid.obj
d:\code\gamelibrary\build\gamelib\gamelib\debug\csdlsound.obj
d:\code\gamelibrary\build\gamelib\gamelib\debug\csprite.obj
d:\code\gamelibrary\build\gamelib\gamelib\debug\cwindow.obj
d:\code\gamelibrary\build\gamelib\gamelib\debug\stdafx.obj
d:\code\gamelibrary\build\gamelib\gamelib\debug\dllmain.obj
d:\code\gamelibtestapp\debug\gamelib.lib
d:\code\gamelibtestapp\debug\gamelib.exp
d:\code\gamelibtestapp\debug\gamelib.ilk
d:\code\gamelibtestapp\debug\gamelib.dll
d:\code\gamelibtestapp\debug\gamelib.pdb
d:\code\gamelibrary\build\gamelib\gamelib\debug\gamelib.tlog\cl.command.1.tlog
d:\code\gamelibrary\build\gamelib\gamelib\debug\gamelib.tlog\cl.read.1.tlog
d:\code\gamelibrary\build\gamelib\gamelib\debug\gamelib.tlog\cl.write.1.tlog
d:\code\gamelibrary\build\gamelib\gamelib\debug\gamelib.tlog\gamelib.write.1u.tlog
d:\code\gamelibrary\build\gamelib\gamelib\debug\gamelib.tlog\link.command.1.tlog
d:\code\gamelibrary\build\gamelib\gamelib\debug\gamelib.tlog\link.read.1.tlog
d:\code\gamelibrary\build\gamelib\gamelib\debug\gamelib.tlog\link.write.1.tlog
